[36m--[0m ==============================================================
[36m--[0m ====================  Dependencies ===========================
[36m--[0m Found Boost: /usr/lib/aarch64-linux-gnu/cmake/Boost-1.71.0/BoostConfig.cmake (found version "1.71.0") found components: filesystem serialization regex timer date_time thread
[36m--[0m Found installed version of gflags: /home/catkin_ws/devel/lib/cmake/gflags
[36m--[0m Detected gflags version: 2.2.1
[36m--[0m Failed to find installed glog CMake configuration, searching for glog build directories exported with CMake.
[36m--[0m Failed to find an installed/exported CMake configuration for glog, will perform search for installed glog components.
[36m--[0m Found Boost: /usr/lib/aarch64-linux-gnu/cmake/Boost-1.71.0/BoostConfig.cmake (found suitable version "1.71.0", minimum required is "1.65") found components: serialization system filesystem thread program_options date_time timer chrono regex
[36m--[0m GTSAM include directory:  /home/catkin_ws/devel/lib/cmake/GTSAM/../../../include
[36m--[0m Found Boost: /usr/lib/aarch64-linux-gnu/cmake/Boost-1.71.0/BoostConfig.cmake (found version "1.71.0")
[36m--[0m Found Boost: /usr/lib/aarch64-linux-gnu/cmake/Boost-1.71.0/BoostConfig.cmake (found suitable version "1.71.0", minimum required is "1.65") found components: serialization system filesystem thread program_options date_time timer chrono regex
[36m--[0m GTSAM include directory:  /home/catkin_ws/devel/lib/cmake/GTSAM/../../../include
[36m--[0m GTSAM include directory:  /home/catkin_ws/devel/lib/cmake/GTSAM/../../../include
[36m--[0m Downloading vocabulary file from dropbox.
[36m--[0m [download 100% complete]
[36m--[0m [download 0% complete]
[36m--[0m [download 1% complete]
[36m--[0m [download 2% complete]
[36m--[0m [download 3% complete]
[36m--[0m [download 4% complete]
[36m--[0m [download 5% complete]
[36m--[0m [download 6% complete]
[36m--[0m [download 7% complete]
[36m--[0m [download 8% complete]
[36m--[0m [download 9% complete]
[36m--[0m [download 10% complete]
[36m--[0m [download 11% complete]
[36m--[0m [download 12% complete]
[36m--[0m [download 13% complete]
[36m--[0m [download 14% complete]
[36m--[0m [download 15% complete]
[36m--[0m [download 16% complete]
[36m--[0m [download 17% complete]
[36m--[0m [download 19% complete]
[36m--[0m [download 20% complete]
[36m--[0m [download 21% complete]
[36m--[0m [download 22% complete]
[36m--[0m [download 23% complete]
[36m--[0m [download 24% complete]
[36m--[0m [download 25% complete]
[36m--[0m [download 26% complete]
[36m--[0m [download 27% complete]
[36m--[0m [download 28% complete]
[36m--[0m [download 29% complete]
[36m--[0m [download 30% complete]
[36m--[0m [download 31% complete]
[36m--[0m [download 32% complete]
[36m--[0m [download 33% complete]
[36m--[0m [download 34% complete]
[36m--[0m [download 35% complete]
[36m--[0m [download 36% complete]
[36m--[0m [download 37% complete]
[36m--[0m [download 38% complete]
[36m--[0m [download 39% complete]
[36m--[0m [download 40% complete]
[36m--[0m [download 41% complete]
[36m--[0m [download 42% complete]
[36m--[0m [download 43% complete]
[36m--[0m [download 44% complete]
[36m--[0m [download 45% complete]
[36m--[0m [download 46% complete]
[36m--[0m [download 47% complete]
[36m--[0m [download 48% complete]
[36m--[0m [download 49% complete]
[36m--[0m [download 50% complete]
[36m--[0m [download 51% complete]
[36m--[0m [download 52% complete]
[36m--[0m [download 53% complete]
[36m--[0m [download 54% complete]
[36m--[0m [download 55% complete]
[36m--[0m [download 56% complete]
[36m--[0m [download 57% complete]
[36m--[0m [download 58% complete]
[36m--[0m [download 59% complete]
[36m--[0m [download 60% complete]
[36m--[0m [download 61% complete]
[36m--[0m [download 62% complete]
[36m--[0m [download 63% complete]
[36m--[0m [download 64% complete]
[36m--[0m [download 65% complete]
[36m--[0m [download 66% complete]
[36m--[0m [download 67% complete]
[36m--[0m [download 68% complete]
[36m--[0m [download 70% complete]
[36m--[0m [download 71% complete]
[36m--[0m [download 72% complete]
[36m--[0m [download 75% complete]
[36m--[0m [download 76% complete]
[36m--[0m [download 77% complete]
[36m--[0m [download 78% complete]
[36m--[0m [download 79% complete]
[36m--[0m [download 80% complete]
[36m--[0m [download 81% complete]
[36m--[0m [download 82% complete]
[36m--[0m [download 85% complete]
[36m--[0m [download 86% complete]
[36m--[0m [download 87% complete]
[36m--[0m [download 88% complete]
[36m--[0m [download 89% complete]
[36m--[0m [download 90% complete]
[36m--[0m [download 91% complete]
[36m--[0m [download 92% complete]
[36m--[0m [download 93% complete]
[36m--[0m [download 94% complete]
[36m--[0m [download 95% complete]
[36m--[0m [download 96% complete]
[36m--[0m [download 97% complete]
[36m--[0m [download 98% complete]
[36m--[0m [download 99% complete]
[36m--[0m [download 100% complete]
[36m--[0m Unzipping vocabulary file.
[36m--[0m Moving vocabulary file.
[36m--[0m Pangolin not found.
fatal: not a git repository (or any parent up to mount point /home)
Stopping at filesystem boundary (GIT_DISCOVERY_ACROSS_FILESYSTEM not set).
[31m[1mCMake Error[0m at /home/catkin_ws/build/kimera_vio/external/googletest-download/googletest-prefix/tmp/googletest-gitupdate.cmake:10 (message):
  Failed to get the hash for HEAD


make[3]: *** [CMakeFiles/googletest.dir/build.make:97: googletest-prefix/src/googletest-stamp/googletest-update] Error 1
make[2]: *** [CMakeFiles/Makefile2:76: CMakeFiles/googletest.dir/all] Error 2
make[1]: *** [Makefile:84: all] Error 2
[36m--[0m ===============================================================
[36m--[0m ================  Configuration Options  ======================
[36m--[0m CMAKE_CXX_COMPILER_ID type                : GNU
[36m--[0m CMAKE_CXX_COMPILER_VERSION                : 9.4.0
[36m--[0m Build flags
[36m--[0m   Build type                              : Release
[36m--[0m   C compilation flags (Release)           :  -O3 -DNDEBUG
[36m--[0m   C++ compilation flags (Release)         :  -O3 -DNDEBUG
[36m--[0m Configuring done
[36m--[0m Generating done
[36m--[0m Build files have been written to: /home/catkin_ws/build/kimera_vio
